Watching for file changes with StatReloader
Watching for file changes with StatReloader
Watching for file changes with StatReloader
Watching for file changes with StatReloader
Watching for file changes with StatReloader
Watching for file changes with StatReloader
Not Found: /
"GET / HTTP/1.1" 404 179
Not Found: /favicon.ico
"GET /favicon.ico HTTP/1.1" 404 179
Not Found: /flutter_service_worker.js
"GET /flutter_service_worker.js?v=2309454500 HTTP/1.1" 404 179
Not Found: /
"GET / HTTP/1.1" 404 179
Not Found: /flutter_service_worker.js
"GET /flutter_service_worker.js?v=2309454500 HTTP/1.1" 404 179
Not Found: /
"GET / HTTP/1.1" 404 179
Not Found: /flutter_service_worker.js
"GET /flutter_service_worker.js?v=2309454500 HTTP/1.1" 404 179
Not Found: /
"GET / HTTP/1.1" 404 179
Not Found: /favicon.ico
"GET /favicon.ico HTTP/1.1" 404 179
Not Found: /
"GET / HTTP/1.1" 404 179
Not Found: /
"GET / HTTP/1.1" 404 179
Not Found: /
"GET / HTTP/1.1" 404 179
Not Found: /api
"GET /api HTTP/1.1" 404 179
Not Found: /api/
"GET /api/ HTTP/1.1" 404 179
"GET /api/docs/ HTTP/1.1" 200 4455
"GET /api/schema/ HTTP/1.1" 200 44418
Not Found: /flutter_service_worker.js
"GET /flutter_service_worker.js?v=2309454500 HTTP/1.1" 404 179
Not Found: /flutter_service_worker.js
"GET /flutter_service_worker.js?v=2309454500 HTTP/1.1" 404 179
Watching for file changes with StatReloader
"GET /api/docs/ HTTP/1.1" 200 4455
"GET /api/schema/ HTTP/1.1" 200 44418
Not Found: /flutter_service_worker.js
"GET /flutter_service_worker.js?v=2309454500 HTTP/1.1" 404 179
"POST /api/v1/auth/login/ HTTP/1.1" 200 325
Not Found: /flutter_service_worker.js
"GET /flutter_service_worker.js?v=2309454500 HTTP/1.1" 404 179
"GET /api/v1/auth/profile/ HTTP/1.1" 200 236
"GET /api/v1/statistics/ HTTP/1.1" 200 365
"GET /api/v1/organizations/ HTTP/1.1" 200 2
Forbidden: /api/v1/auth/login/
"POST /api/v1/auth/login/ HTTP/1.1" 403 82
Forbidden: /api/v1/auth/login/
"POST /api/v1/auth/login/ HTTP/1.1" 403 82
Forbidden: /api/v1/auth/logout/
"POST /api/v1/auth/logout/ HTTP/1.1" 403 82
"GET /api/v1/health/ HTTP/1.1" 200 730
"GET /api/schema HTTP/1.1" 301 0
"GET /api/schema/ HTTP/1.1" 200 20372
Not Found: /flutter_service_worker.js
"GET /flutter_service_worker.js?v=2309454500 HTTP/1.1" 404 179
Not Found: /flutter_service_worker.js
"GET /flutter_service_worker.js?v=2309454500 HTTP/1.1" 404 179
Forbidden: /api/v1/auth/login/
"POST /api/v1/auth/login/ HTTP/1.1" 403 82
Forbidden: /api/v1/auth/login/
"POST /api/v1/auth/login/ HTTP/1.1" 403 82
"GET /api/docs/ HTTP/1.1" 200 4455
"GET /api/schema/ HTTP/1.1" 200 44418
Not Found: /flutter_service_worker.js
"GET /flutter_service_worker.js?v=2309454500 HTTP/1.1" 404 179
"GET /api/docs/ HTTP/1.1" 200 4455
"GET /api/schema/ HTTP/1.1" 200 44418
Not Found: /flutter_service_worker.js
"GET /flutter_service_worker.js?v=2309454500 HTTP/1.1" 404 179
Not Found: /flutter_service_worker.js
"GET /flutter_service_worker.js?v=2309454500 HTTP/1.1" 404 179
C:\Users\avrai\PycharmProjects\timber BE\apps\users\views.py changed, reloading.
Watching for file changes with StatReloader
Watching for file changes with StatReloader
